TN:
SF:src\modules\checkCompleted.js
FN:3,checkCompleted
FNF:1
FNH:1
FNDA:2,checkCompleted
DA:4,2
DA:5,2
DA:6,2
DA:7,1
DA:9,1
LF:5
LH:5
BRDA:6,0,0,1
BRDA:6,0,1,1
BRF:2
BRH:2
end_of_record
TN:
SF:src\modules\clearCompletedTasks.js
FN:4,clearCompletedTasks
FN:5,(anonymous_1)
FN:6,(anonymous_2)
FN:12,(anonymous_3)
FNF:4
FNH:4
FNDA:2,clearCompletedTasks
FNDA:6,(anonymous_1)
FNDA:4,(anonymous_2)
FNDA:6,(anonymous_3)
DA:5,6
DA:6,2
DA:7,4
DA:8,4
DA:9,4
DA:12,6
DA:13,2
DA:14,2
DA:15,2
LF:9
LH:9
BRDA:8,0,0,4
BRDA:8,0,1,0
BRF:2
BRH:1
end_of_record
